<?xml version="1.0" encoding="UTF-8" ?>
<testsuite tests="1" failures="0" name="TransaccionTest" time="0.004" errors="0" skipped="0">
  <properties>
    <property name="java.runtime.name" value="Java(TM) SE Runtime Environment"/>
    <property name="java.vm.version" value="15+36-1562"/>
    <property name="sun.boot.library.path" value="C:\Program Files\Java\jdk-15\bin"/>
    <property name="maven.multiModuleProjectDirectory" value="C:\Users\Rombo del Tejar\Desktop\Proyectos\controlcuenta"/>
    <property name="java.vm.vendor" value="Oracle Corporation"/>
    <property name="java.vendor.url" value="https://java.oracle.com/"/>
    <property name="guice.disable.misplaced.annotation.check" value="true"/>
    <property name="path.separator" value=";"/>
    <property name="java.vm.name" value="Java HotSpot(TM) 64-Bit Server VM"/>
    <property name="sun.os.patch.level" value=""/>
    <property name="user.script" value=""/>
    <property name="user.country" value="ES"/>
    <property name="sun.java.launcher" value="SUN_STANDARD"/>
    <property name="java.vm.specification.name" value="Java Virtual Machine Specification"/>
    <property name="user.dir" value="C:\Users\Rombo del Tejar\Desktop\Proyectos\controlcuenta"/>
    <property name="java.vm.compressedOopsMode" value="32-bit"/>
    <property name="java.runtime.version" value="15+36-1562"/>
    <property name="os.arch" value="amd64"/>
    <property name="java.io.tmpdir" value="C:\Users\ROMBOD~1\AppData\Local\Temp\"/>
    <property name="line.separator" value="
"/>
    <property name="java.vm.specification.vendor" value="Oracle Corporation"/>
    <property name="user.variant" value=""/>
    <property name="os.name" value="Windows 10"/>
    <property name="maven.ext.class.path" value="C:\Program Files\NetBeans-17\netbeans\java\maven-nblib\netbeans-eventspy.jar"/>
    <property name="classworlds.conf" value="C:\Program Files\NetBeans-17\netbeans\java\maven\bin\m2.conf"/>
    <property name="sun.jnu.encoding" value="Cp1252"/>
    <property name="java.library.path" value="C:\Program Files\Java\jdk-15\bin;C:\WINDOWS\Sun\Java\bin;C:\WINDOWS\system32;C:\WINDOWS;C:\Program Files\Common Files\Oracle\Java\javapath;C:\Program Files\Eclipse Adoptium\jdk-8.0.392.8-hotspot\bin;C:\Program Files\Eclipse Adoptium\jre-8.0.392.8-hotspot\bin;C:\WINDOWS\system32;C:\WINDOWS;C:\WINDOWS\System32\Wbem;C:\WINDOWS\System32\WindowsPowerShell\v1.0\;C:\WINDOWS\System32\OpenSSH\;C:\Program Files\Git\cmd;C:\Users\Rombo del Tejar\.cargo\bin;C:\Users\Rombo del Tejar\AppData\Local\Microsoft\WindowsApps;C:\Users\Rombo del Tejar\Microsoft VS Code\bin;C:\Users\Rombo del Tejar\AppData\Local\Microsoft\WinGet\Packages\Schniz.fnm_Microsoft.Winget.Source_8wekyb3d8bbwe;;C:\Users\Rombo del Tejar\AppData\Local\Programs\oh-my-posh\bin;C:\Program Files\heroku\bin;."/>
    <property name="maven.conf" value="C:\Program Files\NetBeans-17\netbeans\java\maven/conf"/>
    <property name="jdk.debug" value="release"/>
    <property name="java.class.version" value="59.0"/>
    <property name="java.specification.name" value="Java Platform API Specification"/>
    <property name="sun.management.compiler" value="HotSpot 64-Bit Tiered Compilers"/>
    <property name="os.version" value="10.0"/>
    <property name="library.jansi.path" value="C:\Program Files\NetBeans-17\netbeans\java\maven\lib\jansi-native"/>
    <property name="user.home" value="C:\Users\Rombo del Tejar"/>
    <property name="user.timezone" value="America/Buenos_Aires"/>
    <property name="file.encoding" value="UTF-8"/>
    <property name="java.specification.version" value="15"/>
    <property name="user.name" value="Rombo del Tejar"/>
    <property name="java.class.path" value="C:\Program Files\NetBeans-17\netbeans\java\maven\boot\plexus-classworlds-2.6.0.jar"/>
    <property name="java.vm.specification.version" value="15"/>
    <property name="sun.arch.data.model" value="64"/>
    <property name="sun.java.command" value="org.codehaus.plexus.classworlds.launcher.Launcher -Dmaven.ext.class.path=C:\Program Files\NetBeans-17\netbeans\java\maven-nblib\netbeans-eventspy.jar -Dfile.encoding=UTF-8 --no-transfer-progress clean install"/>
    <property name="java.home" value="C:\Program Files\Java\jdk-15"/>
    <property name="user.language" value="es"/>
    <property name="java.specification.vendor" value="Oracle Corporation"/>
    <property name="java.vm.info" value="mixed mode, sharing"/>
    <property name="java.version" value="15"/>
    <property name="java.vendor" value="Oracle Corporation"/>
    <property name="maven.home" value="C:\Program Files\NetBeans-17\netbeans\java\maven"/>
    <property name="file.separator" value="\"/>
    <property name="java.version.date" value="2020-09-15"/>
    <property name="java.vendor.url.bug" value="https://bugreport.java.com/bugreport/"/>
    <property name="sun.io.unicode.encoding" value="UnicodeLittle"/>
    <property name="sun.cpu.endian" value="little"/>
    <property name="sun.cpu.isalist" value="amd64"/>
  </properties>
  <testcase classname="TransaccionTest" name="hello" time="0.004"/>
</testsuite>